<?xml version="1.0" encoding="UTF-8"?>
<testsuite name="co.com.demo.runners.ViewingRocketsRunner" tests="1" skipped="0" failures="0" errors="0" timestamp="2024-05-15T17:31:46" hostname="nebula" time="0.419">
  <properties/>
  <testcase name="Viewing SpaceX's Rockets" classname="co.com.demo.runners.ViewingRocketsRunner" time="0.419"/>
  <system-out><![CDATA[12:31:46.280 [Test worker] DEBUG io.cucumber.core.plugin.SerenityReporter -- Running feature from file:///home/dan/Desktop/SpaceXServices/src/test/resources/features/viewing_rockets.feature
12:31:46.322 [Test worker] INFO  -- 

-------------------------------------------------------------------------------------
     _______. _______ .______       _______ .__   __.  __  .___________.____    ____ 
    /       ||   ____||   _  \     |   ____||  \ |  | |  | |           |\   \  /   / 
   |   (----`|  |__   |  |_)  |    |  |__   |   \|  | |  | `---|  |----` \   \/   /  
    \   \    |   __|  |      /     |   __|  |  . `  | |  |     |  |       \_    _/   
.----)   |   |  |____ |  |\  \----.|  |____ |  |\   | |  |     |  |         |  |     
|_______/    |_______|| _| `._____||_______||__| \__| |__|     |__|         |__|    
                                                                                     
 News and tutorials at https://serenity-bdd.info                                     
 Documentation at https://serenity-bdd.github.io                                     
 Test Automation Training and Coaching: https://www.serenity-dojo.com                
 Commercial Support: https://www.serenity-dojo.com/serenity-bdd-enterprise-support   
 Join the Serenity Community on Gitter: https://gitter.im/serenity-bdd/serenity-core 
-------------------------------------------------------------------------------------

12:31:46.329 [Test worker] DEBUG net.thucydides.core.steps.StepEventBus -- Test suite started for story net.thucydides.model.domain.Story@6d3d9fa0
12:31:46.332 [Test worker] INFO  -- Test Suite Started: Exploring Rockets
12:31:46.390 [Test worker] DEBUG io.cucumber.core.plugin.SerenityReporter -- Running feature from file:///home/dan/Desktop/SpaceXServices/src/test/resources/features/viewing_rockets.feature
12:31:46.393 [Test worker] DEBUG net.thucydides.core.steps.StepEventBus -- Test suite started for story net.thucydides.model.domain.Story@6d3d9fa0
12:31:46.394 [Test worker] INFO  -- Test Suite Started: Exploring Rockets
12:31:46.461 [Test worker] DEBUG io.cucumber.core.plugin.SerenityReporter -- Running feature from file:///home/dan/Desktop/SpaceXServices/src/test/resources/features/viewing_rockets.feature
12:31:46.611 [Test worker] INFO  -- 
  _____   ___   ___   _____     ___   _____     _     ___   _____   ___   ___  
 |_   _| | __| / __| |_   _|   / __| |_   _|   /_\   | _ \ |_   _| | __| |   \ 
   | |   | _|  \__ \   | |     \__ \   | |    / _ \  |   /   | |   | _|  | |) |
   |_|   |___| |___/   |_|     |___/   |_|   /_/ \_\ |_|_\   |_|   |___| |___/ 

Viewing SpaceX's Rockets(exploring-rockets;viewing-spacex-s-rockets)
--------------------------------------------------------------------------------
12:31:46.799 [Test worker] INFO  -- 
  _____   ___   ___   _____     ___     _     ___   ___   ___   ___  
 |_   _| | __| / __| |_   _|   | _ \   /_\   / __| / __| | __| |   \ 
   | |   | _|  \__ \   | |     |  _/  / _ \  \__ \ \__ \ | _|  | |) |
   |_|   |___| |___/   |_|     |_|   /_/ \_\ |___/ |___/ |___| |___/ 

Viewing SpaceX's Rockets
----------------------------------------------------------------------
12:31:46.825 [Test worker] DEBUG net.thucydides.model.reports.ReportService -- Reporting formats: [JSON]
12:31:46.830 [Test worker] DEBUG net.thucydides.model.reports.ReportService -- Reporting formats: [JSON]
12:31:46.838 [Test worker] DEBUG net.thucydides.model.reports.ReportService -- Generating reports for 1 test outcomes using: net.thucydides.model.reports.json.JSONTestOutcomeReporter@93f432e
12:31:46.840 [pool-1-thread-1] DEBUG net.thucydides.model.reports.ReportService -- Processing test outcome Exploring Rockets:Viewing SpaceX's Rockets
12:31:46.841 [pool-1-thread-1] DEBUG net.thucydides.model.reports.ReportService -- net.thucydides.model.reports.json.JSONTestOutcomeReporter@93f432e: Generating report for test outcome: Exploring Rockets:Viewing SpaceX's Rockets
12:31:46.848 [pool-1-thread-1] DEBUG net.thucydides.model.reports.json.JSONTestOutcomeReporter -- Generating JSON report for Viewing SpaceX's Rockets to file /home/dan/Desktop/SpaceXServices/target/site/serenity/7e2a2a543c848373e687cee7435ba13b35f876f8997b282055876e82b78cc407.json)
12:31:46.872 [pool-1-thread-1] DEBUG net.thucydides.model.reports.ReportService -- Processing test outcome Exploring Rockets:Viewing SpaceX's Rockets done
12:31:46.873 [Test worker] DEBUG net.thucydides.model.reports.ReportService -- Shutting down executor service
12:31:46.875 [Test worker] DEBUG net.thucydides.model.reports.ReportService -- Reports generated in: 35 ms
]]></system-out>
  <system-err><![CDATA[]]></system-err>
</testsuite>
